<?xml version="1.0" encoding="UTF-8"?>
<testsuite xmlns:xsi="http://www.w3.org/2001/XMLSchema-instance" xsi:noNamespaceSchemaLocation="https://maven.apache.org/surefire/maven-surefire-plugin/xsd/surefire-test-report-3.0.xsd" version="3.0" name="com.conference.auth.ApiKeyAuthFilterTest" time="0.227" tests="7" errors="0" skipped="0" failures="0">
  <properties>
[...]
</properties>
  <testcase name="testAccessWithoutApiKey" classname="com.conference.auth.ApiKeyAuthFilterTest" time="0.034"/>
  <testcase name="testAccessWithEmptyApiKey" classname="com.conference.auth.ApiKeyAuthFilterTest" time="0.003"/>
  <testcase name="testAccessWithTrimmedValidKey" classname="com.conference.auth.ApiKeyAuthFilterTest" time="0.002"/>
  <testcase name="testAccessWithLowerCaseHeaderName" classname="com.conference.auth.ApiKeyAuthFilterTest" time="0.006"/>
  <testcase name="testAccessWithValidApiKey" classname="com.conference.auth.ApiKeyAuthFilterTest" time="0.003"/>
  <testcase name="testAccessWithInvalidApiKey" classname="com.conference.auth.ApiKeyAuthFilterTest" time="0.002"/>
  <testcase name="testAccessWithWhitespaceApiKey" classname="com.conference.auth.ApiKeyAuthFilterTest" time="0.002"/>
</testsuite>